[0112/180938.037:ERROR:process_reader_win.cc(123)] NtOpenThread: {Access Denied} A process has requested access to an object, but has not been granted those access rights. (0xc0000022)
[0112/180938.039:ERROR:exception_snapshot_win.cc(99)] thread ID 13688 not found in process
[0112/180938.083:ERROR:process_reader_win.cc(123)] NtOpenThread: {Access Denied} A process has requested access to an object, but has not been granted those access rights. (0xc0000022)
[0112/180938.083:ERROR:exception_snapshot_win.cc(99)] thread ID 4628 not found in process
[0112/181650.449:ERROR:process_reader_win.cc(151)] SuspendThread: Access is denied. (0x5)
[0112/181650.450:ERROR:process_reader_win.cc(151)] SuspendThread: Access is denied. (0x5)
[0112/181650.451:ERROR:process_reader_win.cc(123)] NtOpenThread: {Access Denied} A process has requested access to an object, but has not been granted those access rights. (0xc0000022)
[0112/181650.451:ERROR:exception_snapshot_win.cc(99)] thread ID 13692 not found in process
[0112/181650.505:ERROR:process_reader_win.cc(151)] SuspendThread: Access is denied. (0x5)
[0112/181650.505:ERROR:process_reader_win.cc(151)] SuspendThread: Access is denied. (0x5)
[0112/181650.505:ERROR:process_reader_win.cc(151)] SuspendThread: Access is denied. (0x5)
[0112/181650.505:ERROR:process_reader_win.cc(151)] SuspendThread: Access is denied. (0x5)
[0112/181650.505:ERROR:process_reader_win.cc(123)] NtOpenThread: {Access Denied} A process has requested access to an object, but has not been granted those access rights. (0xc0000022)
[0112/181650.505:ERROR:exception_snapshot_win.cc(99)] thread ID 21232 not found in process
[0112/181716.426:ERROR:process_reader_win.cc(151)] SuspendThread: Access is denied. (0x5)
[0112/181716.428:ERROR:process_reader_win.cc(151)] SuspendThread: Access is denied. (0x5)
[0112/181716.428:ERROR:process_reader_win.cc(151)] SuspendThread: Access is denied. (0x5)
[0112/181716.428:ERROR:process_reader_win.cc(151)] SuspendThread: Access is denied. (0x5)
[0112/181716.428:ERROR:process_reader_win.cc(151)] SuspendThread: Access is denied. (0x5)
[0112/181716.428:ERROR:process_reader_win.cc(151)] SuspendThread: Access is denied. (0x5)
[0112/181716.428:ERROR:process_reader_win.cc(151)] SuspendThread: Access is denied. (0x5)
[0112/181716.428:ERROR:process_reader_win.cc(151)] SuspendThread: Access is denied. (0x5)
[0112/181716.428:ERROR:process_reader_win.cc(151)] SuspendThread: Access is denied. (0x5)
[0112/181716.428:ERROR:process_reader_win.cc(151)] SuspendThread: Access is denied. (0x5)
[0112/181716.428:ERROR:process_reader_win.cc(151)] SuspendThread: Access is denied. (0x5)
[0112/181716.428:ERROR:process_reader_win.cc(123)] NtOpenThread: {Access Denied} A process has requested access to an object, but has not been granted those access rights. (0xc0000022)
[0112/181716.429:ERROR:exception_snapshot_win.cc(99)] thread ID 8968 not found in process
[0112/181716.432:ERROR:process_reader_win.cc(151)] SuspendThread: Access is denied. (0x5)
[0112/181716.433:ERROR:process_reader_win.cc(151)] SuspendThread: Access is denied. (0x5)
[0112/181716.433:ERROR:process_reader_win.cc(151)] SuspendThread: Access is denied. (0x5)
[0112/181716.433:ERROR:process_reader_win.cc(151)] SuspendThread: Access is denied. (0x5)
[0112/181716.433:ERROR:process_reader_win.cc(151)] SuspendThread: Access is denied. (0x5)
[0112/181716.433:ERROR:process_reader_win.cc(151)] SuspendThread: Access is denied. (0x5)
[0112/181716.433:ERROR:process_reader_win.cc(151)] SuspendThread: Access is denied. (0x5)
[0112/181716.433:ERROR:process_reader_win.cc(151)] SuspendThread: Access is denied. (0x5)
[0112/181716.433:ERROR:process_reader_win.cc(151)] SuspendThread: Access is denied. (0x5)
[0112/181716.433:ERROR:process_reader_win.cc(151)] SuspendThread: Access is denied. (0x5)
[0112/181716.433:ERROR:process_reader_win.cc(151)] SuspendThread: Access is denied. (0x5)
[0112/181716.433:ERROR:process_reader_win.cc(151)] SuspendThread: Access is denied. (0x5)
[0112/181716.433:ERROR:process_reader_win.cc(151)] SuspendThread: Access is denied. (0x5)
[0112/181716.433:ERROR:process_reader_win.cc(151)] SuspendThread: Access is denied. (0x5)
[0112/181716.434:ERROR:process_reader_win.cc(151)] SuspendThread: Access is denied. (0x5)
[0112/181716.434:ERROR:process_reader_win.cc(151)] SuspendThread: Access is denied. (0x5)
[0112/181716.434:ERROR:process_reader_win.cc(151)] SuspendThread: Access is denied. (0x5)
[0112/181716.434:ERROR:process_reader_win.cc(123)] NtOpenThread: {Access Denied} A process has requested access to an object, but has not been granted those access rights. (0xc0000022)
[0112/181716.434:ERROR:exception_snapshot_win.cc(99)] thread ID 14884 not found in process
[0112/181716.436:ERROR:process_reader_win.cc(151)] SuspendThread: Access is denied. (0x5)
[0112/181716.436:ERROR:process_reader_win.cc(151)] SuspendThread: Access is denied. (0x5)
[0112/181716.436:ERROR:process_reader_win.cc(151)] SuspendThread: Access is denied. (0x5)
[0112/181716.436:ERROR:process_reader_win.cc(151)] SuspendThread: Access is denied. (0x5)
[0112/181716.436:ERROR:process_reader_win.cc(151)] SuspendThread: Access is denied. (0x5)
[0112/181716.436:ERROR:process_reader_win.cc(151)] SuspendThread: Access is denied. (0x5)
[0112/181716.436:ERROR:process_reader_win.cc(151)] SuspendThread: Access is denied. (0x5)
[0112/181716.436:ERROR:process_reader_win.cc(151)] SuspendThread: Access is denied. (0x5)
[0112/181716.436:ERROR:process_reader_win.cc(151)] SuspendThread: Access is denied. (0x5)
[0112/181716.436:ERROR:process_reader_win.cc(151)] SuspendThread: Access is denied. (0x5)
[0112/181716.436:ERROR:process_reader_win.cc(151)] SuspendThread: Access is denied. (0x5)
[0112/181716.436:ERROR:process_reader_win.cc(151)] SuspendThread: Access is denied. (0x5)
[0112/181716.436:ERROR:process_reader_win.cc(151)] SuspendThread: Access is denied. (0x5)
[0112/181716.437:ERROR:process_reader_win.cc(151)] SuspendThread: Access is denied. (0x5)
[0112/181716.437:ERROR:process_reader_win.cc(123)] NtOpenThread: {Access Denied} A process has requested access to an object, but has not been granted those access rights. (0xc0000022)
[0112/181716.437:ERROR:exception_snapshot_win.cc(99)] thread ID 16096 not found in process
[0112/181716.454:ERROR:process_reader_win.cc(151)] SuspendThread: Access is denied. (0x5)
[0112/181716.454:ERROR:process_reader_win.cc(151)] SuspendThread: Access is denied. (0x5)
[0112/181716.454:ERROR:process_reader_win.cc(151)] SuspendThread: Access is denied. (0x5)
[0112/181716.454:ERROR:process_reader_win.cc(123)] NtOpenThread: {Access Denied} A process has requested access to an object, but has not been granted those access rights. (0xc0000022)
[0112/181716.455:ERROR:exception_snapshot_win.cc(99)] thread ID 17460 not found in process
[0112/181716.504:ERROR:process_reader_win.cc(151)] SuspendThread: Access is denied. (0x5)
[0112/181716.504:ERROR:process_reader_win.cc(151)] SuspendThread: Access is denied. (0x5)
[0112/181716.504:ERROR:process_reader_win.cc(151)] SuspendThread: Access is denied. (0x5)
[0112/181716.504:ERROR:process_reader_win.cc(151)] SuspendThread: Access is denied. (0x5)
[0112/181716.504:ERROR:process_reader_win.cc(123)] NtOpenThread: {Access Denied} A process has requested access to an object, but has not been granted those access rights. (0xc0000022)
[0112/181716.504:ERROR:exception_snapshot_win.cc(99)] thread ID 21328 not found in process
[0112/181716.506:ERROR:process_reader_win.cc(151)] SuspendThread: Access is denied. (0x5)
[0112/181716.506:ERROR:process_reader_win.cc(151)] SuspendThread: Access is denied. (0x5)
[0112/181716.506:ERROR:process_reader_win.cc(151)] SuspendThread: Access is denied. (0x5)
[0112/181716.506:ERROR:process_reader_win.cc(151)] SuspendThread: Access is denied. (0x5)
[0112/181716.506:ERROR:process_reader_win.cc(123)] NtOpenThread: {Access Denied} A process has requested access to an object, but has not been granted those access rights. (0xc0000022)
[0112/181716.506:ERROR:exception_snapshot_win.cc(99)] thread ID 7596 not found in process
[0112/181716.522:ERROR:process_reader_win.cc(151)] SuspendThread: Access is denied. (0x5)
[0112/181716.522:ERROR:process_reader_win.cc(151)] SuspendThread: Access is denied. (0x5)
[0112/181716.522:ERROR:process_reader_win.cc(151)] SuspendThread: Access is denied. (0x5)
[0112/181716.522:ERROR:process_reader_win.cc(151)] SuspendThread: Access is denied. (0x5)
[0112/181716.522:ERROR:process_reader_win.cc(123)] NtOpenThread: {Access Denied} A process has requested access to an object, but has not been granted those access rights. (0xc0000022)
[0112/181716.522:ERROR:exception_snapshot_win.cc(99)] thread ID 8600 not found in process
[0112/091126.262:ERROR:process_reader_win.cc(151)] SuspendThread: Access is denied. (0x5)
[0112/091126.264:ERROR:process_reader_win.cc(151)] SuspendThread: Access is denied. (0x5)
[0112/091126.264:ERROR:process_reader_win.cc(151)] SuspendThread: Access is denied. (0x5)
[0112/091126.264:ERROR:process_reader_win.cc(151)] SuspendThread: Access is denied. (0x5)
[0112/091126.264:ERROR:process_reader_win.cc(151)] SuspendThread: Access is denied. (0x5)
[0112/091126.264:ERROR:process_reader_win.cc(151)] SuspendThread: Access is denied. (0x5)
[0112/091126.264:ERROR:process_reader_win.cc(151)] SuspendThread: Access is denied. (0x5)
[0112/091126.264:ERROR:process_reader_win.cc(151)] SuspendThread: Access is denied. (0x5)
[0112/091126.264:ERROR:process_reader_win.cc(123)] NtOpenThread: {Access Denied} A process has requested access to an object, but has not been granted those access rights. (0xc0000022)
[0112/091126.265:ERROR:exception_snapshot_win.cc(99)] thread ID 15328 not found in process
[0112/091126.297:ERROR:process_reader_win.cc(151)] SuspendThread: Access is denied. (0x5)
[0112/091126.297:ERROR:process_reader_win.cc(151)] SuspendThread: Access is denied. (0x5)
[0112/091126.297:ERROR:process_reader_win.cc(123)] NtOpenThread: {Access Denied} A process has requested access to an object, but has not been granted those access rights. (0xc0000022)
[0112/091126.297:ERROR:exception_snapshot_win.cc(99)] thread ID 17532 not found in process
[0112/091126.467:ERROR:process_reader_win.cc(151)] SuspendThread: Access is denied. (0x5)
[0112/091126.467:ERROR:process_reader_win.cc(151)] SuspendThread: Access is denied. (0x5)
[0112/091126.468:ERROR:process_reader_win.cc(151)] SuspendThread: Access is denied. (0x5)
[0112/091126.468:ERROR:process_reader_win.cc(151)] SuspendThread: Access is denied. (0x5)
[0112/091126.468:ERROR:process_reader_win.cc(123)] NtOpenThread: {Access Denied} A process has requested access to an object, but has not been granted those access rights. (0xc0000022)
[0112/091126.468:ERROR:exception_snapshot_win.cc(99)] thread ID 17648 not found in process
[0112/091128.076:ERROR:process_reader_win.cc(151)] SuspendThread: Access is denied. (0x5)
[0112/091128.079:ERROR:process_reader_win.cc(151)] SuspendThread: Access is denied. (0x5)
[0112/091128.079:ERROR:process_reader_win.cc(151)] SuspendThread: Access is denied. (0x5)
[0112/091128.079:ERROR:process_reader_win.cc(151)] SuspendThread: Access is denied. (0x5)
[0112/091128.079:ERROR:process_reader_win.cc(151)] SuspendThread: Access is denied. (0x5)
[0112/091128.079:ERROR:process_reader_win.cc(151)] SuspendThread: Access is denied. (0x5)
[0112/091128.079:ERROR:process_reader_win.cc(151)] SuspendThread: Access is denied. (0x5)
[0112/091128.079:ERROR:process_reader_win.cc(151)] SuspendThread: Access is denied. (0x5)
[0112/091128.079:ERROR:process_reader_win.cc(151)] SuspendThread: Access is denied. (0x5)
[0112/091128.076:ERROR:process_reader_win.cc(151)] SuspendThread: Access is denied. (0x5)
[0112/091128.079:ERROR:process_reader_win.cc(151)] SuspendThread: Access is denied. (0x5)
[0112/091128.080:ERROR:process_reader_win.cc(151)] SuspendThread: Access is denied. (0x5)
[0112/091128.080:ERROR:process_reader_win.cc(151)] SuspendThread: Access is denied. (0x5)
[0112/091128.080:ERROR:process_reader_win.cc(151)] SuspendThread: Access is denied. (0x5)
[0112/091128.080:ERROR:process_reader_win.cc(151)] SuspendThread: Access is denied. (0x5)
[0112/091128.080:ERROR:process_reader_win.cc(151)] SuspendThread: Access is denied. (0x5)
[0112/091128.080:ERROR:process_reader_win.cc(151)] SuspendThread: Access is denied. (0x5)
[0112/091128.079:ERROR:process_reader_win.cc(123)] NtOpenThread: {Access Denied} A process has requested access to an object, but has not been granted those access rights. (0xc0000022)
[0112/091128.079:ERROR:process_reader_win.cc(151)] SuspendThread: Access is denied. (0x5)
[0112/091128.080:ERROR:exception_snapshot_win.cc(99)] thread ID 14096 not found in process
[0112/091128.080:ERROR:process_reader_win.cc(151)] SuspendThread: Access is denied. (0x5)
[0112/091128.080:ERROR:process_reader_win.cc(151)] SuspendThread: Access is denied. (0x5)
[0112/091128.080:ERROR:process_reader_win.cc(151)] SuspendThread: Access is denied. (0x5)
[0112/091128.080:ERROR:process_reader_win.cc(151)] SuspendThread: Access is denied. (0x5)
[0112/091128.081:ERROR:process_reader_win.cc(151)] SuspendThread: Access is denied. (0x5)
[0112/091128.081:ERROR:process_reader_win.cc(151)] SuspendThread: Access is denied. (0x5)
[0112/091128.081:ERROR:process_reader_win.cc(151)] SuspendThread: Access is denied. (0x5)
[0112/091128.081:ERROR:process_reader_win.cc(151)] SuspendThread: Access is denied. (0x5)
[0112/091128.081:ERROR:process_reader_win.cc(151)] SuspendThread: Access is denied. (0x5)
[0112/091128.081:ERROR:process_reader_win.cc(151)] SuspendThread: Access is denied. (0x5)
[0112/091128.081:ERROR:process_reader_win.cc(151)] SuspendThread: Access is denied. (0x5)
[0112/091128.080:ERROR:process_reader_win.cc(123)] NtOpenThread: {Access Denied} A process has requested access to an object, but has not been granted those access rights. (0xc0000022)
[0112/091128.081:ERROR:exception_snapshot_win.cc(99)] thread ID 3248 not found in process
[0112/091128.081:ERROR:process_reader_win.cc(123)] NtOpenThread: {Access Denied} A process has requested access to an object, but has not been granted those access rights. (0xc0000022)
[0112/091128.081:ERROR:exception_snapshot_win.cc(99)] thread ID 12652 not found in process
[0112/091128.081:ERROR:process_reader_win.cc(151)] SuspendThread: Access is denied. (0x5)
[0112/091128.082:ERROR:process_reader_win.cc(151)] SuspendThread: Access is denied. (0x5)
[0112/091128.082:ERROR:process_reader_win.cc(151)] SuspendThread: Access is denied. (0x5)
[0112/091128.082:ERROR:process_reader_win.cc(151)] SuspendThread: Access is denied. (0x5)
[0112/091128.082:ERROR:process_reader_win.cc(151)] SuspendThread: Access is denied. (0x5)
[0112/091128.082:ERROR:process_reader_win.cc(151)] SuspendThread: Access is denied. (0x5)
[0112/091128.082:ERROR:process_reader_win.cc(151)] SuspendThread: Access is denied. (0x5)
[0112/091128.082:ERROR:process_reader_win.cc(151)] SuspendThread: Access is denied. (0x5)
[0112/091128.082:ERROR:process_reader_win.cc(151)] SuspendThread: Access is denied. (0x5)
[0112/091128.082:ERROR:process_reader_win.cc(151)] SuspendThread: Access is denied. (0x5)
[0112/091128.082:ERROR:process_reader_win.cc(151)] SuspendThread: Access is denied. (0x5)
[0112/091128.082:ERROR:process_reader_win.cc(151)] SuspendThread: Access is denied. (0x5)
[0112/091128.082:ERROR:process_reader_win.cc(151)] SuspendThread: Access is denied. (0x5)
[0112/091128.082:ERROR:process_reader_win.cc(151)] SuspendThread: Access is denied. (0x5)
[0112/091128.083:ERROR:process_reader_win.cc(151)] SuspendThread: Access is denied. (0x5)
[0112/091128.083:ERROR:process_reader_win.cc(151)] SuspendThread: Access is denied. (0x5)
[0112/091128.083:ERROR:process_reader_win.cc(151)] SuspendThread: Access is denied. (0x5)
[0112/091128.083:ERROR:process_reader_win.cc(151)] SuspendThread: Access is denied. (0x5)
[0112/091128.083:ERROR:process_reader_win.cc(123)] NtOpenThread: {Access Denied} A process has requested access to an object, but has not been granted those access rights. (0xc0000022)
[0112/091128.083:ERROR:exception_snapshot_win.cc(99)] thread ID 13736 not found in process
[0112/091128.195:ERROR:process_reader_win.cc(151)] SuspendThread: Access is denied. (0x5)
[0112/091128.195:ERROR:process_reader_win.cc(151)] SuspendThread: Access is denied. (0x5)
[0112/091128.195:ERROR:process_reader_win.cc(151)] SuspendThread: Access is denied. (0x5)
[0112/091128.195:ERROR:process_reader_win.cc(123)] NtOpenThread: {Access Denied} A process has requested access to an object, but has not been granted those access rights. (0xc0000022)
[0112/091128.196:ERROR:exception_snapshot_win.cc(99)] thread ID 17744 not found in process
[0112/091128.196:ERROR:process_reader_win.cc(151)] SuspendThread: Access is denied. (0x5)
[0112/091128.196:ERROR:process_reader_win.cc(151)] SuspendThread: Access is denied. (0x5)
[0112/091128.196:ERROR:process_reader_win.cc(123)] NtOpenThread: {Access Denied} A process has requested access to an object, but has not been granted those access rights. (0xc0000022)
[0112/091128.196:ERROR:exception_snapshot_win.cc(99)] thread ID 11964 not found in process
[0112/091128.211:ERROR:process_reader_win.cc(151)] SuspendThread: Access is denied. (0x5)
[0112/091128.211:ERROR:process_reader_win.cc(151)] SuspendThread: Access is denied. (0x5)
[0112/091128.212:ERROR:process_reader_win.cc(123)] NtOpenThread: {Access Denied} A process has requested access to an object, but has not been granted those access rights. (0xc0000022)
[0112/091128.212:ERROR:exception_snapshot_win.cc(99)] thread ID 17756 not found in process
[0112/091128.337:ERROR:process_reader_win.cc(151)] SuspendThread: Access is denied. (0x5)
[0112/091128.337:ERROR:process_reader_win.cc(151)] SuspendThread: Access is denied. (0x5)
[0112/091128.337:ERROR:process_reader_win.cc(151)] SuspendThread: Access is denied. (0x5)
[0112/091128.337:ERROR:process_reader_win.cc(151)] SuspendThread: Access is denied. (0x5)
[0112/091128.337:ERROR:process_reader_win.cc(151)] SuspendThread: Access is denied. (0x5)
[0112/091128.337:ERROR:process_reader_win.cc(151)] SuspendThread: Access is denied. (0x5)
[0112/091128.337:ERROR:process_reader_win.cc(151)] SuspendThread: Access is denied. (0x5)
[0112/091128.337:ERROR:process_reader_win.cc(151)] SuspendThread: Access is denied. (0x5)
[0112/091128.337:ERROR:process_reader_win.cc(151)] SuspendThread: Access is denied. (0x5)
[0112/091128.337:ERROR:process_reader_win.cc(151)] SuspendThread: Access is denied. (0x5)
[0112/091128.337:ERROR:process_reader_win.cc(151)] SuspendThread: Access is denied. (0x5)
[0112/091128.337:ERROR:process_reader_win.cc(151)] SuspendThread: Access is denied. (0x5)
[0112/091128.337:ERROR:process_reader_win.cc(151)] SuspendThread: Access is denied. (0x5)
[0112/091128.337:ERROR:process_reader_win.cc(151)] SuspendThread: Access is denied. (0x5)
[0112/091128.337:ERROR:process_reader_win.cc(151)] SuspendThread: Access is denied. (0x5)
[0112/091128.337:ERROR:process_reader_win.cc(123)] NtOpenThread: {Access Denied} A process has requested access to an object, but has not been granted those access rights. (0xc0000022)
[0112/091128.337:ERROR:exception_snapshot_win.cc(99)] thread ID 12596 not found in process
[0112/091128.337:ERROR:process_reader_win.cc(151)] SuspendThread: Access is denied. (0x5)
[0112/091128.337:ERROR:process_reader_win.cc(151)] SuspendThread: Access is denied. (0x5)
[0112/091128.337:ERROR:process_reader_win.cc(151)] SuspendThread: Access is denied. (0x5)
[0112/091128.337:ERROR:process_reader_win.cc(151)] SuspendThread: Access is denied. (0x5)
[0112/091128.337:ERROR:process_reader_win.cc(123)] NtOpenThread: {Access Denied} A process has requested access to an object, but has not been granted those access rights. (0xc0000022)
[0112/091128.337:ERROR:exception_snapshot_win.cc(99)] thread ID 15304 not found in process
[0112/091128.343:ERROR:process_reader_win.cc(151)] SuspendThread: Access is denied. (0x5)
[0112/091128.343:ERROR:process_reader_win.cc(151)] SuspendThread: Access is denied. (0x5)
[0112/091128.344:ERROR:process_reader_win.cc(151)] SuspendThread: Access is denied. (0x5)
[0112/091128.344:ERROR:process_reader_win.cc(151)] SuspendThread: Access is denied. (0x5)
[0112/091128.344:ERROR:process_reader_win.cc(151)] SuspendThread: Access is denied. (0x5)
[0112/091128.344:ERROR:process_reader_win.cc(123)] NtOpenThread: {Access Denied} A process has requested access to an object, but has not been granted those access rights. (0xc0000022)
[0112/091128.344:ERROR:exception_snapshot_win.cc(99)] thread ID 9944 not found in process
[0112/091128.347:ERROR:process_reader_win.cc(151)] SuspendThread: Access is denied. (0x5)
[0112/091128.349:ERROR:process_reader_win.cc(151)] SuspendThread: Access is denied. (0x5)
[0112/091128.349:ERROR:process_reader_win.cc(151)] SuspendThread: Access is denied. (0x5)
[0112/091128.349:ERROR:process_reader_win.cc(151)] SuspendThread: Access is denied. (0x5)
[0112/091128.349:ERROR:process_reader_win.cc(123)] NtOpenThread: {Access Denied} A process has requested access to an object, but has not been granted those access rights. (0xc0000022)
[0112/091128.349:ERROR:exception_snapshot_win.cc(99)] thread ID 14640 not found in process
[0112/100414.332:ERROR:process_reader_win.cc(151)] SuspendThread: Access is denied. (0x5)
[0112/100414.335:ERROR:process_reader_win.cc(151)] SuspendThread: Access is denied. (0x5)
[0112/100414.335:ERROR:process_reader_win.cc(151)] SuspendThread: Access is denied. (0x5)
[0112/100414.335:ERROR:process_reader_win.cc(151)] SuspendThread: Access is denied. (0x5)
[0112/100414.335:ERROR:process_reader_win.cc(151)] SuspendThread: Access is denied. (0x5)
[0112/100414.335:ERROR:process_reader_win.cc(151)] SuspendThread: Access is denied. (0x5)
[0112/100414.336:ERROR:process_reader_win.cc(151)] SuspendThread: Access is denied. (0x5)
[0112/100414.336:ERROR:process_reader_win.cc(151)] SuspendThread: Access is denied. (0x5)
[0112/100414.336:ERROR:process_reader_win.cc(151)] SuspendThread: Access is denied. (0x5)
[0112/100414.336:ERROR:process_reader_win.cc(151)] SuspendThread: Access is denied. (0x5)
[0112/100414.336:ERROR:process_reader_win.cc(151)] SuspendThread: Access is denied. (0x5)
[0112/100414.336:ERROR:process_reader_win.cc(151)] SuspendThread: Access is denied. (0x5)
[0112/100414.336:ERROR:process_reader_win.cc(123)] NtOpenThread: {Access Denied} A process has requested access to an object, but has not been granted those access rights. (0xc0000022)
[0112/100414.338:ERROR:exception_snapshot_win.cc(99)] thread ID 14036 not found in process
[0112/100414.387:ERROR:process_reader_win.cc(151)] SuspendThread: Access is denied. (0x5)
[0112/100414.391:ERROR:process_reader_win.cc(151)] SuspendThread: Access is denied. (0x5)
[0112/100414.392:ERROR:process_reader_win.cc(151)] SuspendThread: Access is denied. (0x5)
[0112/100414.392:ERROR:process_reader_win.cc(151)] SuspendThread: Access is denied. (0x5)
[0112/100414.392:ERROR:process_reader_win.cc(151)] SuspendThread: Access is denied. (0x5)
[0112/100414.392:ERROR:process_reader_win.cc(151)] SuspendThread: Access is denied. (0x5)
[0112/100414.392:ERROR:process_reader_win.cc(151)] SuspendThread: Access is denied. (0x5)
[0112/100414.392:ERROR:process_reader_win.cc(151)] SuspendThread: Access is denied. (0x5)
[0112/100414.392:ERROR:process_reader_win.cc(151)] SuspendThread: Access is denied. (0x5)
[0112/100414.392:ERROR:process_reader_win.cc(151)] SuspendThread: Access is denied. (0x5)
[0112/100414.392:ERROR:process_reader_win.cc(151)] SuspendThread: Access is denied. (0x5)
[0112/100414.392:ERROR:process_reader_win.cc(123)] NtOpenThread: {Access Denied} A process has requested access to an object, but has not been granted those access rights. (0xc0000022)
[0112/100414.393:ERROR:exception_snapshot_win.cc(99)] thread ID 3388 not found in process
[0112/100414.392:ERROR:process_reader_win.cc(151)] SuspendThread: Access is denied. (0x5)
[0112/100414.393:ERROR:process_reader_win.cc(151)] SuspendThread: Access is denied. (0x5)
[0112/100414.393:ERROR:process_reader_win.cc(151)] SuspendThread: Access is denied. (0x5)
[0112/100414.393:ERROR:process_reader_win.cc(151)] SuspendThread: Access is denied. (0x5)
[0112/100414.393:ERROR:process_reader_win.cc(151)] SuspendThread: Access is denied. (0x5)
[0112/100414.393:ERROR:process_reader_win.cc(151)] SuspendThread: Access is denied. (0x5)
[0112/100414.393:ERROR:process_reader_win.cc(151)] SuspendThread: Access is denied. (0x5)
[0112/100414.393:ERROR:process_reader_win.cc(151)] SuspendThread: Access is denied. (0x5)
[0112/100414.393:ERROR:process_reader_win.cc(151)] SuspendThread: Access is denied. (0x5)
[0112/100414.394:ERROR:process_reader_win.cc(151)] SuspendThread: Access is denied. (0x5)
[0112/100414.397:ERROR:process_reader_win.cc(151)] SuspendThread: Access is denied. (0x5)
[0112/100414.397:ERROR:process_reader_win.cc(151)] SuspendThread: Access is denied. (0x5)
[0112/100414.397:ERROR:process_reader_win.cc(123)] NtOpenThread: {Access Denied} A process has requested access to an object, but has not been granted those access rights. (0xc0000022)
[0112/100414.399:ERROR:exception_snapshot_win.cc(99)] thread ID 3168 not found in process
[0112/100414.439:ERROR:process_reader_win.cc(151)] SuspendThread: Access is denied. (0x5)
[0112/100414.440:ERROR:process_reader_win.cc(151)] SuspendThread: Access is denied. (0x5)
[0112/100414.439:ERROR:process_reader_win.cc(151)] SuspendThread: Access is denied. (0x5)
[0112/100414.440:ERROR:process_reader_win.cc(123)] NtOpenThread: {Access Denied} A process has requested access to an object, but has not been granted those access rights. (0xc0000022)
[0112/100414.440:ERROR:exception_snapshot_win.cc(99)] thread ID 8080 not found in process
[0112/100414.440:ERROR:process_reader_win.cc(123)] NtOpenThread: {Access Denied} A process has requested access to an object, but has not been granted those access rights. (0xc0000022)
[0112/100414.440:ERROR:exception_snapshot_win.cc(99)] thread ID 1872 not found in process
[0112/100414.447:ERROR:process_reader_win.cc(151)] SuspendThread: Access is denied. (0x5)
[0112/100414.448:ERROR:process_reader_win.cc(151)] SuspendThread: Access is denied. (0x5)
[0112/100414.448:ERROR:process_reader_win.cc(123)] NtOpenThread: {Access Denied} A process has requested access to an object, but has not been granted those access rights. (0xc0000022)
[0112/100414.449:ERROR:exception_snapshot_win.cc(99)] thread ID 9192 not found in process
[0112/100414.527:ERROR:process_reader_win.cc(151)] SuspendThread: Access is denied. (0x5)
[0112/100414.528:ERROR:process_reader_win.cc(151)] SuspendThread: Access is denied. (0x5)
[0112/100414.529:ERROR:process_reader_win.cc(123)] NtOpenThread: {Access Denied} A process has requested access to an object, but has not been granted those access rights. (0xc0000022)
[0112/100414.529:ERROR:exception_snapshot_win.cc(99)] thread ID 17972 not found in process
[0112/100414.537:ERROR:process_reader_win.cc(151)] SuspendThread: Access is denied. (0x5)
[0112/100414.542:ERROR:process_reader_win.cc(151)] SuspendThread: Access is denied. (0x5)
[0112/100414.542:ERROR:process_reader_win.cc(123)] NtOpenThread: {Access Denied} A process has requested access to an object, but has not been granted those access rights. (0xc0000022)
[0112/100414.543:ERROR:exception_snapshot_win.cc(99)] thread ID 16468 not found in process
[0112/100414.653:ERROR:process_reader_win.cc(151)] SuspendThread: Access is denied. (0x5)
[0112/100414.654:ERROR:process_reader_win.cc(151)] SuspendThread: Access is denied. (0x5)
[0112/100414.654:ERROR:process_reader_win.cc(123)] NtOpenThread: {Access Denied} A process has requested access to an object, but has not been granted those access rights. (0xc0000022)
[0112/100414.654:ERROR:exception_snapshot_win.cc(99)] thread ID 13700 not found in process
[0112/100414.656:ERROR:process_reader_win.cc(151)] SuspendThread: Access is denied. (0x5)
[0112/100414.656:ERROR:process_reader_win.cc(151)] SuspendThread: Access is denied. (0x5)
[0112/100414.656:ERROR:process_reader_win.cc(123)] NtOpenThread: {Access Denied} A process has requested access to an object, but has not been granted those access rights. (0xc0000022)
[0112/100414.656:ERROR:exception_snapshot_win.cc(99)] thread ID 3132 not found in process
[0112/100414.838:ERROR:process_reader_win.cc(151)] SuspendThread: Access is denied. (0x5)
[0112/100414.838:ERROR:process_reader_win.cc(151)] SuspendThread: Access is denied. (0x5)
[0112/100414.838:ERROR:process_reader_win.cc(123)] NtOpenThread: {Access Denied} A process has requested access to an object, but has not been granted those access rights. (0xc0000022)
[0112/100414.839:ERROR:exception_snapshot_win.cc(99)] thread ID 7252 not found in process
[0112/100415.059:ERROR:process_reader_win.cc(151)] SuspendThread: Access is denied. (0x5)
[0112/100415.059:ERROR:process_reader_win.cc(151)] SuspendThread: Access is denied. (0x5)
[0112/100415.059:ERROR:process_reader_win.cc(151)] SuspendThread: Access is denied. (0x5)
[0112/100415.059:ERROR:process_reader_win.cc(123)] NtOpenThread: {Access Denied} A process has requested access to an object, but has not been granted those access rights. (0xc0000022)
[0112/100415.059:ERROR:exception_snapshot_win.cc(99)] thread ID 17064 not found in process
[0112/100415.064:ERROR:process_reader_win.cc(151)] SuspendThread: Access is denied. (0x5)
[0112/100415.064:ERROR:process_reader_win.cc(151)] SuspendThread: Access is denied. (0x5)
[0112/100415.064:ERROR:process_reader_win.cc(151)] SuspendThread: Access is denied. (0x5)
[0112/100415.064:ERROR:process_reader_win.cc(151)] SuspendThread: Access is denied. (0x5)
[0112/100415.064:ERROR:process_reader_win.cc(151)] SuspendThread: Access is denied. (0x5)
[0112/100415.064:ERROR:process_reader_win.cc(123)] NtOpenThread: {Access Denied} A process has requested access to an object, but has not been granted those access rights. (0xc0000022)
[0112/100415.064:ERROR:exception_snapshot_win.cc(99)] thread ID 15816 not found in process
[0112/100415.070:ERROR:process_reader_win.cc(151)] SuspendThread: Access is denied. (0x5)
[0112/100415.070:ERROR:process_reader_win.cc(151)] SuspendThread: Access is denied. (0x5)
[0112/100415.071:ERROR:process_reader_win.cc(151)] SuspendThread: Access is denied. (0x5)
[0112/100415.071:ERROR:process_reader_win.cc(151)] SuspendThread: Access is denied. (0x5)
[0112/100415.071:ERROR:process_reader_win.cc(123)] NtOpenThread: {Access Denied} A process has requested access to an object, but has not been granted those access rights. (0xc0000022)
[0112/100415.071:ERROR:exception_snapshot_win.cc(99)] thread ID 17876 not found in process
[0112/100415.073:ERROR:process_reader_win.cc(151)] SuspendThread: Access is denied. (0x5)
[0112/100415.073:ERROR:process_reader_win.cc(151)] SuspendThread: Access is denied. (0x5)
[0112/100415.073:ERROR:process_reader_win.cc(151)] SuspendThread: Access is denied. (0x5)
[0112/100415.073:ERROR:process_reader_win.cc(151)] SuspendThread: Access is denied. (0x5)
[0112/100415.073:ERROR:process_reader_win.cc(151)] SuspendThread: Access is denied. (0x5)
[0112/100415.073:ERROR:process_reader_win.cc(123)] NtOpenThread: {Access Denied} A process has requested access to an object, but has not been granted those access rights. (0xc0000022)
[0112/100415.074:ERROR:exception_snapshot_win.cc(99)] thread ID 16676 not found in process
[0112/100415.087:ERROR:process_reader_win.cc(151)] SuspendThread: Access is denied. (0x5)
[0112/100415.087:ERROR:process_reader_win.cc(151)] SuspendThread: Access is denied. (0x5)
[0112/100415.087:ERROR:process_reader_win.cc(151)] SuspendThread: Access is denied. (0x5)
[0112/100415.087:ERROR:process_reader_win.cc(151)] SuspendThread: Access is denied. (0x5)
[0112/100415.087:ERROR:process_reader_win.cc(123)] NtOpenThread: {Access Denied} A process has requested access to an object, but has not been granted those access rights. (0xc0000022)
[0112/100415.087:ERROR:exception_snapshot_win.cc(99)] thread ID 17244 not found in process
[0112/100415.107:ERROR:process_reader_win.cc(151)] SuspendThread: Access is denied. (0x5)
[0112/100415.107:ERROR:process_reader_win.cc(151)] SuspendThread: Access is denied. (0x5)
[0112/100415.107:ERROR:process_reader_win.cc(151)] SuspendThread: Access is denied. (0x5)
[0112/100415.107:ERROR:process_reader_win.cc(151)] SuspendThread: Access is denied. (0x5)
[0112/100415.107:ERROR:process_reader_win.cc(151)] SuspendThread: Access is denied. (0x5)
[0112/100415.107:ERROR:process_reader_win.cc(123)] NtOpenThread: {Access Denied} A process has requested access to an object, but has not been granted those access rights. (0xc0000022)
[0112/100415.107:ERROR:exception_snapshot_win.cc(99)] thread ID 13168 not found in process
[0112/100415.109:ERROR:process_reader_win.cc(151)] SuspendThread: Access is denied. (0x5)
[0112/100415.109:ERROR:process_reader_win.cc(151)] SuspendThread: Access is denied. (0x5)
[0112/100415.110:ERROR:process_reader_win.cc(151)] SuspendThread: Access is denied. (0x5)
[0112/100415.110:ERROR:process_reader_win.cc(151)] SuspendThread: Access is denied. (0x5)
[0112/100415.110:ERROR:process_reader_win.cc(151)] SuspendThread: Access is denied. (0x5)
[0112/100415.110:ERROR:process_reader_win.cc(151)] SuspendThread: Access is denied. (0x5)
[0112/100415.110:ERROR:process_reader_win.cc(123)] NtOpenThread: {Access Denied} A process has requested access to an object, but has not been granted those access rights. (0xc0000022)
[0112/100415.110:ERROR:exception_snapshot_win.cc(99)] thread ID 18156 not found in process
[0112/100626.956:ERROR:process_reader_win.cc(123)] NtOpenThread: {Access Denied} A process has requested access to an object, but has not been granted those access rights. (0xc0000022)
[0112/100626.957:ERROR:exception_snapshot_win.cc(99)] thread ID 10232 not found in process
[0112/100626.999:ERROR:process_reader_win.cc(123)] NtOpenThread: {Access Denied} A process has requested access to an object, but has not been granted those access rights. (0xc0000022)
[0112/100626.999:ERROR:exception_snapshot_win.cc(99)] thread ID 17476 not found in process
[0112/100627.106:ERROR:process_reader_win.cc(151)] SuspendThread: Access is denied. (0x5)
[0112/100627.106:ERROR:process_reader_win.cc(151)] SuspendThread: Access is denied. (0x5)
[0112/100627.106:ERROR:process_reader_win.cc(151)] SuspendThread: Access is denied. (0x5)
[0112/100627.106:ERROR:process_reader_win.cc(123)] NtOpenThread: {Access Denied} A process has requested access to an object, but has not been granted those access rights. (0xc0000022)
[0112/100627.106:ERROR:exception_snapshot_win.cc(99)] thread ID 6884 not found in process
[0112/101726.462:ERROR:directory_reader_win.cc(43)] FindFirstFile: The system cannot find the path specified. (0x3)
[0112/110412.889:ERROR:process_reader_win.cc(123)] NtOpenThread: {Access Denied} A process has requested access to an object, but has not been granted those access rights. (0xc0000022)
[0112/110412.890:ERROR:exception_snapshot_win.cc(99)] thread ID 15632 not found in process
[0112/110412.975:ERROR:process_reader_win.cc(123)] NtOpenThread: {Access Denied} A process has requested access to an object, but has not been granted those access rights. (0xc0000022)
[0112/110412.975:ERROR:exception_snapshot_win.cc(99)] thread ID 4252 not found in process
[0112/111733.522:ERROR:process_reader_win.cc(123)] NtOpenThread: {Access Denied} A process has requested access to an object, but has not been granted those access rights. (0xc0000022)
[0112/111733.523:ERROR:exception_snapshot_win.cc(99)] thread ID 12656 not found in process
[0112/111733.618:ERROR:process_reader_win.cc(123)] NtOpenThread: {Access Denied} A process has requested access to an object, but has not been granted those access rights. (0xc0000022)
[0112/111733.618:ERROR:exception_snapshot_win.cc(99)] thread ID 13908 not found in process
[0112/112806.892:ERROR:process_reader_win.cc(151)] SuspendThread: Access is denied. (0x5)
[0112/112806.893:ERROR:process_reader_win.cc(151)] SuspendThread: Access is denied. (0x5)
[0112/112806.893:ERROR:process_reader_win.cc(123)] NtOpenThread: {Access Denied} A process has requested access to an object, but has not been granted those access rights. (0xc0000022)
[0112/112806.895:ERROR:exception_snapshot_win.cc(99)] thread ID 4488 not found in process
[0112/112807.031:ERROR:process_reader_win.cc(151)] SuspendThread: Access is denied. (0x5)
[0112/112807.031:ERROR:process_reader_win.cc(151)] SuspendThread: Access is denied. (0x5)
[0112/112807.031:ERROR:process_reader_win.cc(123)] NtOpenThread: {Access Denied} A process has requested access to an object, but has not been granted those access rights. (0xc0000022)
[0112/112807.031:ERROR:exception_snapshot_win.cc(99)] thread ID 3304 not found in process
[0112/221802.883:ERROR:process_reader_win.cc(151)] SuspendThread: Access is denied. (0x5)
[0112/221802.891:ERROR:process_reader_win.cc(151)] SuspendThread: Access is denied. (0x5)
[0112/221802.892:ERROR:process_reader_win.cc(151)] SuspendThread: Access is denied. (0x5)
[0112/221802.892:ERROR:process_reader_win.cc(151)] SuspendThread: Access is denied. (0x5)
[0112/221802.892:ERROR:process_reader_win.cc(151)] SuspendThread: Access is denied. (0x5)
[0112/221802.892:ERROR:process_reader_win.cc(151)] SuspendThread: Access is denied. (0x5)
[0112/221802.892:ERROR:process_reader_win.cc(151)] SuspendThread: Access is denied. (0x5)
[0112/221802.892:ERROR:process_reader_win.cc(151)] SuspendThread: Access is denied. (0x5)
[0112/221802.892:ERROR:process_reader_win.cc(151)] SuspendThread: Access is denied. (0x5)
[0112/221802.892:ERROR:process_reader_win.cc(151)] SuspendThread: Access is denied. (0x5)
[0112/221802.893:ERROR:process_reader_win.cc(151)] SuspendThread: Access is denied. (0x5)
[0112/221802.893:ERROR:process_reader_win.cc(151)] SuspendThread: Access is denied. (0x5)
[0112/221802.893:ERROR:process_reader_win.cc(151)] SuspendThread: Access is denied. (0x5)
[0112/221802.899:ERROR:process_reader_win.cc(151)] SuspendThread: Access is denied. (0x5)
[0112/221802.900:ERROR:process_reader_win.cc(151)] SuspendThread: Access is denied. (0x5)
[0112/221802.900:ERROR:process_reader_win.cc(151)] SuspendThread: Access is denied. (0x5)
[0112/221802.900:ERROR:process_reader_win.cc(151)] SuspendThread: Access is denied. (0x5)
[0112/221802.900:ERROR:process_reader_win.cc(151)] SuspendThread: Access is denied. (0x5)
[0112/221802.900:ERROR:process_reader_win.cc(151)] SuspendThread: Access is denied. (0x5)
[0112/221802.900:ERROR:process_reader_win.cc(151)] SuspendThread: Access is denied. (0x5)
[0112/221802.900:ERROR:process_reader_win.cc(151)] SuspendThread: Access is denied. (0x5)
[0112/221802.900:ERROR:process_reader_win.cc(151)] SuspendThread: Access is denied. (0x5)
[0112/221802.900:ERROR:process_reader_win.cc(151)] SuspendThread: Access is denied. (0x5)
[0112/221802.901:ERROR:process_reader_win.cc(151)] SuspendThread: Access is denied. (0x5)
[0112/221802.893:ERROR:process_reader_win.cc(123)] NtOpenThread: {Access Denied} A process has requested access to an object, but has not been granted those access rights. (0xc0000022)
[0112/221802.903:ERROR:exception_snapshot_win.cc(99)] thread ID 3528 not found in process
[0112/221802.901:ERROR:process_reader_win.cc(123)] NtOpenThread: {Access Denied} A process has requested access to an object, but has not been granted those access rights. (0xc0000022)
[0112/221802.904:ERROR:exception_snapshot_win.cc(99)] thread ID 9360 not found in process
[0112/221803.099:ERROR:process_reader_win.cc(151)] SuspendThread: Access is denied. (0x5)
[0112/221803.099:ERROR:process_reader_win.cc(151)] SuspendThread: Access is denied. (0x5)
[0112/221803.099:ERROR:process_reader_win.cc(151)] SuspendThread: Access is denied. (0x5)
[0112/221803.099:ERROR:process_reader_win.cc(151)] SuspendThread: Access is denied. (0x5)
[0112/221803.099:ERROR:process_reader_win.cc(151)] SuspendThread: Access is denied. (0x5)
[0112/221803.099:ERROR:process_reader_win.cc(123)] NtOpenThread: {Access Denied} A process has requested access to an object, but has not been granted those access rights. (0xc0000022)
[0112/221803.099:ERROR:exception_snapshot_win.cc(99)] thread ID 10776 not found in process
[0112/221803.100:ERROR:process_reader_win.cc(151)] SuspendThread: Access is denied. (0x5)
[0112/221803.100:ERROR:process_reader_win.cc(151)] SuspendThread: Access is denied. (0x5)
[0112/221803.100:ERROR:process_reader_win.cc(151)] SuspendThread: Access is denied. (0x5)
[0112/221803.100:ERROR:process_reader_win.cc(151)] SuspendThread: Access is denied. (0x5)
[0112/221803.100:ERROR:process_reader_win.cc(151)] SuspendThread: Access is denied. (0x5)
[0112/221803.100:ERROR:process_reader_win.cc(151)] SuspendThread: Access is denied. (0x5)
[0112/221803.100:ERROR:process_reader_win.cc(123)] NtOpenThread: {Access Denied} A process has requested access to an object, but has not been granted those access rights. (0xc0000022)
[0112/221803.101:ERROR:exception_snapshot_win.cc(99)] thread ID 17200 not found in process
[0113/045828.219:ERROR:directory_reader_win.cc(43)] FindFirstFile: The system cannot find the path specified. (0x3)
[0113/050418.307:ERROR:directory_reader_win.cc(43)] FindFirstFile: The system cannot find the path specified. (0x3)
[0113/052846.837:ERROR:directory_reader_win.cc(43)] FindFirstFile: The system cannot find the path specified. (0x3)
[0113/054351.808:ERROR:process_reader_win.cc(151)] SuspendThread: Access is denied. (0x5)
[0113/054351.809:ERROR:process_reader_win.cc(123)] NtOpenThread: {Access Denied} A process has requested access to an object, but has not been granted those access rights. (0xc0000022)
[0113/054351.810:ERROR:exception_snapshot_win.cc(99)] thread ID 21916 not found in process
[0113/054351.872:ERROR:process_reader_win.cc(151)] SuspendThread: Access is denied. (0x5)
[0113/054351.872:ERROR:process_reader_win.cc(151)] SuspendThread: Access is denied. (0x5)
[0113/054351.872:ERROR:process_reader_win.cc(151)] SuspendThread: Access is denied. (0x5)
[0113/054351.872:ERROR:process_reader_win.cc(151)] SuspendThread: Access is denied. (0x5)
[0113/054351.872:ERROR:process_reader_win.cc(123)] NtOpenThread: {Access Denied} A process has requested access to an object, but has not been granted those access rights. (0xc0000022)
[0113/054351.872:ERROR:exception_snapshot_win.cc(99)] thread ID 16860 not found in process
[0113/054424.013:ERROR:process_reader_win.cc(123)] NtOpenThread: {Access Denied} A process has requested access to an object, but has not been granted those access rights. (0xc0000022)
[0113/054424.015:ERROR:exception_snapshot_win.cc(99)] thread ID 22052 not found in process
[0113/054424.080:ERROR:process_reader_win.cc(123)] NtOpenThread: {Access Denied} A process has requested access to an object, but has not been granted those access rights. (0xc0000022)
[0113/054424.080:ERROR:exception_snapshot_win.cc(99)] thread ID 18196 not found in process
[0113/054424.237:ERROR:process_reader_win.cc(151)] SuspendThread: Access is denied. (0x5)
[0113/054424.237:ERROR:process_reader_win.cc(151)] SuspendThread: Access is denied. (0x5)
[0113/054424.237:ERROR:process_reader_win.cc(151)] SuspendThread: Access is denied. (0x5)
[0113/054424.237:ERROR:process_reader_win.cc(123)] NtOpenThread: {Access Denied} A process has requested access to an object, but has not been granted those access rights. (0xc0000022)
[0113/054424.237:ERROR:exception_snapshot_win.cc(99)] thread ID 5628 not found in process
[0113/061619.268:ERROR:process_reader_win.cc(151)] SuspendThread: Access is denied. (0x5)
[0113/061619.271:ERROR:process_reader_win.cc(151)] SuspendThread: Access is denied. (0x5)
[0113/061619.271:ERROR:process_reader_win.cc(123)] NtOpenThread: {Access Denied} A process has requested access to an object, but has not been granted those access rights. (0xc0000022)
[0113/061619.272:ERROR:exception_snapshot_win.cc(99)] thread ID 9016 not found in process
[0113/061619.272:ERROR:process_reader_win.cc(151)] SuspendThread: Access is denied. (0x5)
[0113/061619.275:ERROR:process_reader_win.cc(151)] SuspendThread: Access is denied. (0x5)
[0113/061619.275:ERROR:process_reader_win.cc(123)] NtOpenThread: {Access Denied} A process has requested access to an object, but has not been granted those access rights. (0xc0000022)
[0113/061619.276:ERROR:exception_snapshot_win.cc(99)] thread ID 9592 not found in process
[0113/061619.399:ERROR:process_reader_win.cc(151)] SuspendThread: Access is denied. (0x5)
[0113/061619.400:ERROR:process_reader_win.cc(151)] SuspendThread: Access is denied. (0x5)
[0113/061619.400:ERROR:process_reader_win.cc(151)] SuspendThread: Access is denied. (0x5)
[0113/061619.400:ERROR:process_reader_win.cc(151)] SuspendThread: Access is denied. (0x5)
[0113/061619.400:ERROR:process_reader_win.cc(151)] SuspendThread: Access is denied. (0x5)
[0113/061619.400:ERROR:process_reader_win.cc(151)] SuspendThread: Access is denied. (0x5)
[0113/061619.400:ERROR:process_reader_win.cc(123)] NtOpenThread: {Access Denied} A process has requested access to an object, but has not been granted those access rights. (0xc0000022)
[0113/061619.400:ERROR:exception_snapshot_win.cc(99)] thread ID 7320 not found in process
[0113/061619.413:ERROR:process_reader_win.cc(151)] SuspendThread: Access is denied. (0x5)
[0113/061619.413:ERROR:process_reader_win.cc(151)] SuspendThread: Access is denied. (0x5)
[0113/061619.414:ERROR:process_reader_win.cc(151)] SuspendThread: Access is denied. (0x5)
[0113/061619.414:ERROR:process_reader_win.cc(151)] SuspendThread: Access is denied. (0x5)
[0113/061619.414:ERROR:process_reader_win.cc(151)] SuspendThread: Access is denied. (0x5)
[0113/061619.414:ERROR:process_reader_win.cc(151)] SuspendThread: Access is denied. (0x5)
[0113/061619.414:ERROR:process_reader_win.cc(123)] NtOpenThread: {Access Denied} A process has requested access to an object, but has not been granted those access rights. (0xc0000022)
[0113/061619.414:ERROR:exception_snapshot_win.cc(99)] thread ID 13748 not found in process
[0113/063403.724:ERROR:directory_reader_win.cc(43)] FindFirstFile: The system cannot find the path specified. (0x3)
[0113/063403.772:ERROR:directory_reader_win.cc(43)] FindFirstFile: The system cannot find the path specified. (0x3)
